2025-03-20 14:41:35,545 [INFO] USER:racharla_sanjana handlers.py:106:syndicate LOG: Configuration used: C:\Users\racharla_sanjana\Documents\Aws\AWS\.syndicate-config-dev
2025-03-20 14:41:35,831 [INFO] USER:racharla_sanjana processor.py:143:_prepare_bucket_view LOG: Viewing complement, URIBucketView, has been found, setting up the raw data.
2025-03-20 14:41:38,359 [INFO] USER:racharla_sanjana sync_processor.py:53:sync_project_state LOG: Project state file has been successfully synced
2025-03-20 14:41:38,359 [INFO] USER:racharla_sanjana helper.py:658:check_lambda_name LOG: Validating lambda name: 'api_handler'
2025-03-20 14:41:38,376 [INFO] USER:racharla_sanjana helper.py:673:check_lambda_name LOG: Lambda name: 'api_handler' passed the validation
2025-03-20 14:41:38,376 [INFO] USER:racharla_sanjana helper.py:647:resolve_project_path LOG: Parameter: 'project_path' wasn't specified. Getting automatically
2025-03-20 14:41:38,377 [INFO] USER:racharla_sanjana helper.py:651:resolve_project_path LOG: Path: 'C:/Users/racharla_sanjana/Documents/Aws/AWS' was assigned to the parameter: 'project_path'
2025-03-20 14:41:38,378 [INFO] USER:racharla_sanjana generate.py:116:lambda_function LOG: Lambda names: ('api_handler',)
2025-03-20 14:41:38,379 [INFO] USER:racharla_sanjana generate.py:117:lambda_function LOG: Runtime: nodejs
2025-03-20 14:41:38,379 [INFO] USER:racharla_sanjana generate.py:118:lambda_function LOG: Project path: C:/Users/racharla_sanjana/Documents/Aws/AWS
2025-03-20 14:41:38,527 [INFO] USER:racharla_sanjana lambda_function.py:464:_generate_nodejs_lambdas LOG: Lambda api_handler created
2025-03-20 14:41:38,615 [INFO] USER:racharla_sanjana lambda_function.py:169:generate_lambda_function LOG: Lambda api_handler has been successfully added to the project.
2025-03-20 14:41:38,616 [INFO] USER:racharla_sanjana helper.py:330:timed LOG: Stage lambda_function, elapsed time: 0:00:00.238603
2025-03-20 14:41:54,442 [INFO] USER:racharla_sanjana handlers.py:106:syndicate LOG: Configuration used: C:\Users\racharla_sanjana\Documents\Aws\AWS\.syndicate-config-dev
2025-03-20 14:41:54,717 [INFO] USER:racharla_sanjana processor.py:143:_prepare_bucket_view LOG: Viewing complement, URIBucketView, has been found, setting up the raw data.
2025-03-20 14:41:56,769 [INFO] USER:racharla_sanjana project_state.py:122:get_remote LOG: Unsafely loaded project state file from S3 bucket. The retrieved object has type: dict
2025-03-20 14:41:56,769 [INFO] USER:racharla_sanjana project_state.py:127:get_remote LOG: Made ProjectState object from the dict loaded from S3 bucket
2025-03-20 14:41:58,420 [INFO] USER:racharla_sanjana sync_processor.py:53:sync_project_state LOG: Project state file has been successfully synced
2025-03-20 14:41:58,422 [INFO] USER:racharla_sanjana helper.py:647:resolve_project_path LOG: Parameter: 'project_path' wasn't specified. Getting automatically
2025-03-20 14:41:58,423 [INFO] USER:racharla_sanjana helper.py:651:resolve_project_path LOG: Path: 'C:/Users/racharla_sanjana/Documents/Aws/AWS' was assigned to the parameter: 'project_path'
2025-03-20 14:41:58,424 [INFO] USER:racharla_sanjana base_generator.py:223:_validate_resource_name LOG: Validating resource name: 'simple-booking-userpool'
2025-03-20 14:41:58,425 [INFO] USER:racharla_sanjana base_generator.py:239:_validate_resource_name LOG: Resource name: 'simple-booking-userpool' passed the validation
2025-03-20 14:41:58,426 [INFO] USER:racharla_sanjana base_generator.py:67:_get_deployment_resources_files LOG: Recursively getting all the deployment_resources.json with root 'C:/Users/racharla_sanjana/Documents/Aws/AWS'
2025-03-20 14:41:58,448 [INFO] USER:racharla_sanjana base_generator.py:87:_find_resources_by_type LOG: Looking for resource 'cognito_idp' in meta
2025-03-20 14:41:58,477 [INFO] USER:racharla_sanjana base_generator.py:93:_find_resources_by_type LOG: Found '{'C:\\Users\\racharla_sanjana\\Documents\\Aws\\AWS\\app\\lambdas\\api_handler\\deployment_resources.json': set(), 'C:\\Users\\racharla_sanjana\\Documents\\Aws\\AWS\\task01\\deployment_resources.json': set(), 'C:\\Users\\racharla_sanjana\\Documents\\Aws\\AWS\\task01\\app\\lambdas\\hello_world\\deployment_resources.json': set(), 'C:\\Users\\racharla_sanjana\\Documents\\Aws\\AWS\\task02\\deployment_resources.json': set(), 'C:\\Users\\racharla_sanjana\\Documents\\Aws\\AWS\\task02\\app\\lambdas\\hello_world\\deployment_resources.json': set(), 'C:\\Users\\racharla_sanjana\\Documents\\Aws\\AWS\\task03\\deployment_resources.json': set(), 'C:\\Users\\racharla_sanjana\\Documents\\Aws\\AWS\\task03\\app\\lambdas\\hello_world\\deployment_resources.json': set(), 'C:\\Users\\racharla_sanjana\\Documents\\Aws\\AWS\\task04\\deployment_resources.json': set(), 'C:\\Users\\racharla_sanjana\\Documents\\Aws\\AWS\\task04\\app\\lambdas\\sns_handler\\deployment_resources.json': set(), 'C:\\Users\\racharla_sanjana\\Documents\\Aws\\AWS\\task04\\app\\lambdas\\sqs_handler\\deployment_resources.json': set(), 'C:\\Users\\racharla_sanjana\\Documents\\Aws\\AWS\\task05\\deployment_resources.json': set(), 'C:\\Users\\racharla_sanjana\\Documents\\Aws\\AWS\\task05\\app\\lambdas\\api_handler\\deployment_resources.json': set(), 'C:\\Users\\racharla_sanjana\\Documents\\Aws\\AWS\\task06\\deployment_resources.json': set(), 'C:\\Users\\racharla_sanjana\\Documents\\Aws\\AWS\\task06\\app\\lambdas\\audit_producer\\deployment_resources.json': set(), 'C:\\Users\\racharla_sanjana\\Documents\\Aws\\AWS\\task07\\deployment_resources.json': set(), 'C:\\Users\\racharla_sanjana\\Documents\\Aws\\AWS\\task08\\deployment_resources.json': set(), 'C:\\Users\\racharla_sanjana\\Documents\\Aws\\AWS\\task08\\app\\lambdas\\uuid_generator\\deployment_resources.json': set(), 'C:\\Users\\racharla_sanjana\\Documents\\Aws\\AWS\\task09\\deployment_resources.json': set(), 'C:\\Users\\racharla_sanjana\\Documents\\Aws\\AWS\\task09\\app\\lambdas\\api_handler\\deployment_resources.json': set(), 'C:\\Users\\racharla_sanjana\\Documents\\Aws\\AWS\\task10\\deployment_resources.json': set(), 'C:\\Users\\racharla_sanjana\\Documents\\Aws\\AWS\\task10\\app\\lambdas\\processor\\deployment_resources.json': set(), 'C:\\Users\\racharla_sanjana\\Documents\\Aws\\AWS\\task11\\deployment_resources.json': set()}' inside with type 'cognito_idp'
2025-03-20 14:41:58,478 [INFO] USER:racharla_sanjana base_generator.py:103:_get_resource_meta_paths LOG: Looking for cognito_idp 'simple-booking-userpool' in meta...
2025-03-20 14:41:58,478 [INFO] USER:racharla_sanjana base_generator.py:108:_get_resource_meta_paths LOG: Found cognito_idp 'simple-booking-userpool' in these files: '[]'
2025-03-20 14:41:58,478 [INFO] USER:racharla_sanjana base_generator.py:217:_find_file_with_duplicate LOG: No duplicated cognito_idp with name 'simple-booking-userpool' was found
2025-03-20 14:41:58,478 [INFO] USER:racharla_sanjana base_generator.py:152:generate_deployment_resource LOG: Generating deployment resources for cognito_idp 'simple-booking-userpool'
2025-03-20 14:41:58,479 [INFO] USER:racharla_sanjana base_generator.py:160:_generate_resource_configuration LOG: Generating configuration for cognito_idp 'simple-booking-userpool'
2025-03-20 14:41:58,479 [INFO] USER:racharla_sanjana base_generator.py:37:_resolve_configuration LOG: Resolving not required params...
2025-03-20 14:41:58,480 [INFO] USER:racharla_sanjana base_generator.py:37:_resolve_configuration LOG: Resolving not required params...
2025-03-20 14:41:58,480 [INFO] USER:racharla_sanjana base_generator.py:53:_resolve_configuration LOG: Setting default value '8' for param 'minimum_length'
2025-03-20 14:41:58,480 [INFO] USER:racharla_sanjana base_generator.py:53:_resolve_configuration LOG: Setting default value 'True' for param 'require_uppercase'
2025-03-20 14:41:58,480 [INFO] USER:racharla_sanjana base_generator.py:53:_resolve_configuration LOG: Setting default value 'True' for param 'require_symbols'
2025-03-20 14:41:58,480 [INFO] USER:racharla_sanjana base_generator.py:53:_resolve_configuration LOG: Setting default value 'True' for param 'require_lowercase'
2025-03-20 14:41:58,481 [INFO] USER:racharla_sanjana base_generator.py:53:_resolve_configuration LOG: Setting default value 'True' for param 'require_numbers'
2025-03-20 14:41:58,481 [INFO] USER:racharla_sanjana base_generator.py:44:_resolve_configuration LOG: Setting default value - the object '[]' of the class '<class 'list'>' for param 'auto_verified_attributes'
2025-03-20 14:41:58,481 [INFO] USER:racharla_sanjana base_generator.py:37:_resolve_configuration LOG: Resolving not required params...
2025-03-20 14:41:58,481 [INFO] USER:racharla_sanjana base_generator.py:44:_resolve_configuration LOG: Setting default value - the object '[]' of the class '<class 'list'>' for param 'username_attributes'
2025-03-20 14:41:58,481 [INFO] USER:racharla_sanjana base_generator.py:44:_resolve_configuration LOG: Setting default value - the object '[]' of the class '<class 'list'>' for param 'custom_attributes'
2025-03-20 14:41:58,481 [INFO] USER:racharla_sanjana base_generator.py:44:_resolve_configuration LOG: Setting default value - the object '{}' of the class '<class 'dict'>' for param 'client'
2025-03-20 14:41:58,481 [INFO] USER:racharla_sanjana base_generator.py:44:_resolve_configuration LOG: Setting default value - the object '{}' of the class '<class 'dict'>' for param 'tags'
2025-03-20 14:41:58,482 [INFO] USER:racharla_sanjana base_generator.py:202:write LOG: Writing deployment resources for cognito_idp 'simple-booking-userpool' to the file 'C:\Users\racharla_sanjana\Documents\Aws\AWS\task01\deployment_resources.json'
2025-03-20 14:41:58,484 [INFO] USER:racharla_sanjana meta.py:756:cognito_user_pool LOG: Cognito user pool 'simple-booking-userpool' was added successfully
2025-03-20 14:41:58,485 [INFO] USER:racharla_sanjana helper.py:330:timed LOG: Stage cognito_user_pool, elapsed time: 0:00:00.060946
2025-03-20 14:42:06,777 [INFO] USER:racharla_sanjana handlers.py:106:syndicate LOG: Configuration used: C:\Users\racharla_sanjana\Documents\Aws\AWS\.syndicate-config-dev
2025-03-20 14:42:07,027 [INFO] USER:racharla_sanjana processor.py:143:_prepare_bucket_view LOG: Viewing complement, URIBucketView, has been found, setting up the raw data.
2025-03-20 14:42:08,969 [INFO] USER:racharla_sanjana project_state.py:122:get_remote LOG: Unsafely loaded project state file from S3 bucket. The retrieved object has type: dict
2025-03-20 14:42:08,969 [INFO] USER:racharla_sanjana project_state.py:127:get_remote LOG: Made ProjectState object from the dict loaded from S3 bucket
2025-03-20 14:42:10,091 [INFO] USER:racharla_sanjana sync_processor.py:53:sync_project_state LOG: Project state file has been successfully synced
2025-03-20 14:42:10,092 [INFO] USER:racharla_sanjana helper.py:647:resolve_project_path LOG: Parameter: 'project_path' wasn't specified. Getting automatically
2025-03-20 14:42:10,093 [INFO] USER:racharla_sanjana helper.py:651:resolve_project_path LOG: Path: 'C:/Users/racharla_sanjana/Documents/Aws/AWS' was assigned to the parameter: 'project_path'
2025-03-20 14:42:10,094 [INFO] USER:racharla_sanjana base_generator.py:223:_validate_resource_name LOG: Validating resource name: 'task11_api'
2025-03-20 14:42:10,094 [INFO] USER:racharla_sanjana base_generator.py:239:_validate_resource_name LOG: Resource name: 'task11_api' passed the validation
2025-03-20 14:42:10,095 [INFO] USER:racharla_sanjana base_generator.py:67:_get_deployment_resources_files LOG: Recursively getting all the deployment_resources.json with root 'C:/Users/racharla_sanjana/Documents/Aws/AWS'
2025-03-20 14:42:10,104 [INFO] USER:racharla_sanjana base_generator.py:87:_find_resources_by_type LOG: Looking for resource 'api_gateway' in meta
2025-03-20 14:42:10,108 [INFO] USER:racharla_sanjana base_generator.py:93:_find_resources_by_type LOG: Found '{'C:\\Users\\racharla_sanjana\\Documents\\Aws\\AWS\\app\\lambdas\\api_handler\\deployment_resources.json': set(), 'C:\\Users\\racharla_sanjana\\Documents\\Aws\\AWS\\task01\\deployment_resources.json': set(), 'C:\\Users\\racharla_sanjana\\Documents\\Aws\\AWS\\task01\\app\\lambdas\\hello_world\\deployment_resources.json': set(), 'C:\\Users\\racharla_sanjana\\Documents\\Aws\\AWS\\task02\\deployment_resources.json': set(), 'C:\\Users\\racharla_sanjana\\Documents\\Aws\\AWS\\task02\\app\\lambdas\\hello_world\\deployment_resources.json': set(), 'C:\\Users\\racharla_sanjana\\Documents\\Aws\\AWS\\task03\\deployment_resources.json': {'task3_api'}, 'C:\\Users\\racharla_sanjana\\Documents\\Aws\\AWS\\task03\\app\\lambdas\\hello_world\\deployment_resources.json': set(), 'C:\\Users\\racharla_sanjana\\Documents\\Aws\\AWS\\task04\\deployment_resources.json': set(), 'C:\\Users\\racharla_sanjana\\Documents\\Aws\\AWS\\task04\\app\\lambdas\\sns_handler\\deployment_resources.json': set(), 'C:\\Users\\racharla_sanjana\\Documents\\Aws\\AWS\\task04\\app\\lambdas\\sqs_handler\\deployment_resources.json': set(), 'C:\\Users\\racharla_sanjana\\Documents\\Aws\\AWS\\task05\\deployment_resources.json': {'task5_api'}, 'C:\\Users\\racharla_sanjana\\Documents\\Aws\\AWS\\task05\\app\\lambdas\\api_handler\\deployment_resources.json': set(), 'C:\\Users\\racharla_sanjana\\Documents\\Aws\\AWS\\task06\\deployment_resources.json': set(), 'C:\\Users\\racharla_sanjana\\Documents\\Aws\\AWS\\task06\\app\\lambdas\\audit_producer\\deployment_resources.json': set(), 'C:\\Users\\racharla_sanjana\\Documents\\Aws\\AWS\\task07\\deployment_resources.json': set(), 'C:\\Users\\racharla_sanjana\\Documents\\Aws\\AWS\\task08\\deployment_resources.json': set(), 'C:\\Users\\racharla_sanjana\\Documents\\Aws\\AWS\\task08\\app\\lambdas\\uuid_generator\\deployment_resources.json': set(), 'C:\\Users\\racharla_sanjana\\Documents\\Aws\\AWS\\task09\\deployment_resources.json': set(), 'C:\\Users\\racharla_sanjana\\Documents\\Aws\\AWS\\task09\\app\\lambdas\\api_handler\\deployment_resources.json': set(), 'C:\\Users\\racharla_sanjana\\Documents\\Aws\\AWS\\task10\\deployment_resources.json': set(), 'C:\\Users\\racharla_sanjana\\Documents\\Aws\\AWS\\task10\\app\\lambdas\\processor\\deployment_resources.json': set(), 'C:\\Users\\racharla_sanjana\\Documents\\Aws\\AWS\\task11\\deployment_resources.json': set()}' inside with type 'api_gateway'
2025-03-20 14:42:10,108 [INFO] USER:racharla_sanjana base_generator.py:103:_get_resource_meta_paths LOG: Looking for api_gateway 'task11_api' in meta...
2025-03-20 14:42:10,108 [INFO] USER:racharla_sanjana base_generator.py:108:_get_resource_meta_paths LOG: Found api_gateway 'task11_api' in these files: '[]'
2025-03-20 14:42:10,108 [INFO] USER:racharla_sanjana base_generator.py:217:_find_file_with_duplicate LOG: No duplicated api_gateway with name 'task11_api' was found
2025-03-20 14:42:10,109 [INFO] USER:racharla_sanjana base_generator.py:152:generate_deployment_resource LOG: Generating deployment resources for api_gateway 'task11_api'
2025-03-20 14:42:10,109 [INFO] USER:racharla_sanjana base_generator.py:160:_generate_resource_configuration LOG: Generating configuration for api_gateway 'task11_api'
2025-03-20 14:42:10,109 [INFO] USER:racharla_sanjana base_generator.py:37:_resolve_configuration LOG: Resolving not required params...
2025-03-20 14:42:10,109 [INFO] USER:racharla_sanjana base_generator.py:57:_resolve_configuration LOG: Setting given value 'api' for param 'deploy_stage'
2025-03-20 14:42:10,109 [INFO] USER:racharla_sanjana base_generator.py:44:_resolve_configuration LOG: Setting default value - the object '[]' of the class '<class 'list'>' for param 'dependencies'
2025-03-20 14:42:10,109 [INFO] USER:racharla_sanjana base_generator.py:44:_resolve_configuration LOG: Setting default value - the object '{}' of the class '<class 'dict'>' for param 'resources'
2025-03-20 14:42:10,109 [INFO] USER:racharla_sanjana base_generator.py:44:_resolve_configuration LOG: Setting default value - the object '{}' of the class '<class 'dict'>' for param 'tags'
2025-03-20 14:42:10,109 [INFO] USER:racharla_sanjana base_generator.py:202:write LOG: Writing deployment resources for api_gateway 'task11_api' to the file 'C:\Users\racharla_sanjana\Documents\Aws\AWS\task01\deployment_resources.json'
2025-03-20 14:42:10,111 [INFO] USER:racharla_sanjana meta.py:264:api_gateway LOG: Api gateway 'task11_api' was added successfully
2025-03-20 14:42:10,111 [INFO] USER:racharla_sanjana helper.py:330:timed LOG: Stage api_gateway, elapsed time: 0:00:00.017422
2025-03-20 14:42:35,466 [INFO] USER:racharla_sanjana handlers.py:106:syndicate LOG: Configuration used: C:\Users\racharla_sanjana\Documents\Aws\AWS\.syndicate-config-dev
2025-03-20 14:42:35,749 [INFO] USER:racharla_sanjana processor.py:143:_prepare_bucket_view LOG: Viewing complement, URIBucketView, has been found, setting up the raw data.
2025-03-20 14:42:37,548 [INFO] USER:racharla_sanjana project_state.py:122:get_remote LOG: Unsafely loaded project state file from S3 bucket. The retrieved object has type: dict
2025-03-20 14:42:37,548 [INFO] USER:racharla_sanjana project_state.py:127:get_remote LOG: Made ProjectState object from the dict loaded from S3 bucket
2025-03-20 14:42:38,973 [INFO] USER:racharla_sanjana sync_processor.py:53:sync_project_state LOG: Project state file has been successfully synced
2025-03-20 14:42:38,974 [INFO] USER:racharla_sanjana helper.py:647:resolve_project_path LOG: Parameter: 'project_path' wasn't specified. Getting automatically
2025-03-20 14:42:38,974 [INFO] USER:racharla_sanjana helper.py:651:resolve_project_path LOG: Path: 'C:/Users/racharla_sanjana/Documents/Aws/AWS' was assigned to the parameter: 'project_path'
2025-03-20 14:42:38,976 [INFO] USER:racharla_sanjana base_generator.py:67:_get_deployment_resources_files LOG: Recursively getting all the deployment_resources.json with root 'C:/Users/racharla_sanjana/Documents/Aws/AWS'
2025-03-20 14:42:38,984 [INFO] USER:racharla_sanjana base_generator.py:87:_find_resources_by_type LOG: Looking for resource 'api_gateway' in meta
2025-03-20 14:42:38,989 [INFO] USER:racharla_sanjana base_generator.py:93:_find_resources_by_type LOG: Found '{'C:\\Users\\racharla_sanjana\\Documents\\Aws\\AWS\\app\\lambdas\\api_handler\\deployment_resources.json': set(), 'C:\\Users\\racharla_sanjana\\Documents\\Aws\\AWS\\task01\\deployment_resources.json': {'task11_api'}, 'C:\\Users\\racharla_sanjana\\Documents\\Aws\\AWS\\task01\\app\\lambdas\\hello_world\\deployment_resources.json': set(), 'C:\\Users\\racharla_sanjana\\Documents\\Aws\\AWS\\task02\\deployment_resources.json': set(), 'C:\\Users\\racharla_sanjana\\Documents\\Aws\\AWS\\task02\\app\\lambdas\\hello_world\\deployment_resources.json': set(), 'C:\\Users\\racharla_sanjana\\Documents\\Aws\\AWS\\task03\\deployment_resources.json': {'task3_api'}, 'C:\\Users\\racharla_sanjana\\Documents\\Aws\\AWS\\task03\\app\\lambdas\\hello_world\\deployment_resources.json': set(), 'C:\\Users\\racharla_sanjana\\Documents\\Aws\\AWS\\task04\\deployment_resources.json': set(), 'C:\\Users\\racharla_sanjana\\Documents\\Aws\\AWS\\task04\\app\\lambdas\\sns_handler\\deployment_resources.json': set(), 'C:\\Users\\racharla_sanjana\\Documents\\Aws\\AWS\\task04\\app\\lambdas\\sqs_handler\\deployment_resources.json': set(), 'C:\\Users\\racharla_sanjana\\Documents\\Aws\\AWS\\task05\\deployment_resources.json': {'task5_api'}, 'C:\\Users\\racharla_sanjana\\Documents\\Aws\\AWS\\task05\\app\\lambdas\\api_handler\\deployment_resources.json': set(), 'C:\\Users\\racharla_sanjana\\Documents\\Aws\\AWS\\task06\\deployment_resources.json': set(), 'C:\\Users\\racharla_sanjana\\Documents\\Aws\\AWS\\task06\\app\\lambdas\\audit_producer\\deployment_resources.json': set(), 'C:\\Users\\racharla_sanjana\\Documents\\Aws\\AWS\\task07\\deployment_resources.json': set(), 'C:\\Users\\racharla_sanjana\\Documents\\Aws\\AWS\\task08\\deployment_resources.json': set(), 'C:\\Users\\racharla_sanjana\\Documents\\Aws\\AWS\\task08\\app\\lambdas\\uuid_generator\\deployment_resources.json': set(), 'C:\\Users\\racharla_sanjana\\Documents\\Aws\\AWS\\task09\\deployment_resources.json': set(), 'C:\\Users\\racharla_sanjana\\Documents\\Aws\\AWS\\task09\\app\\lambdas\\api_handler\\deployment_resources.json': set(), 'C:\\Users\\racharla_sanjana\\Documents\\Aws\\AWS\\task10\\deployment_resources.json': set(), 'C:\\Users\\racharla_sanjana\\Documents\\Aws\\AWS\\task10\\app\\lambdas\\processor\\deployment_resources.json': set(), 'C:\\Users\\racharla_sanjana\\Documents\\Aws\\AWS\\task11\\deployment_resources.json': set()}' inside with type 'api_gateway'
2025-03-20 14:42:38,990 [INFO] USER:racharla_sanjana base_generator.py:103:_get_resource_meta_paths LOG: Looking for api_gateway 'task11_api' in meta...
2025-03-20 14:42:38,990 [INFO] USER:racharla_sanjana base_generator.py:106:_get_resource_meta_paths LOG: Found 'task11_api' in meta from 'C:\Users\racharla_sanjana\Documents\Aws\AWS\task01\deployment_resources.json'
2025-03-20 14:42:38,990 [INFO] USER:racharla_sanjana base_generator.py:108:_get_resource_meta_paths LOG: Found api_gateway 'task11_api' in these files: '['C:\\Users\\racharla_sanjana\\Documents\\Aws\\AWS\\task01\\deployment_resources.json']'
2025-03-20 14:42:38,990 [INFO] USER:racharla_sanjana api_gateway_generator.py:133:_resolve_provider LOG: Resolving identity provider 'simple-booking-userpool'...
2025-03-20 14:42:38,990 [INFO] USER:racharla_sanjana api_gateway_generator.py:147:_validate_cup_existence LOG: Validating existence of Cognito User Pool: simple-booking-userpool
2025-03-20 14:42:38,990 [INFO] USER:racharla_sanjana base_generator.py:67:_get_deployment_resources_files LOG: Recursively getting all the deployment_resources.json with root 'C:/Users/racharla_sanjana/Documents/Aws/AWS'
2025-03-20 14:42:38,998 [INFO] USER:racharla_sanjana base_generator.py:87:_find_resources_by_type LOG: Looking for resource 'cognito_idp' in meta
2025-03-20 14:42:39,003 [INFO] USER:racharla_sanjana base_generator.py:93:_find_resources_by_type LOG: Found '{'C:\\Users\\racharla_sanjana\\Documents\\Aws\\AWS\\app\\lambdas\\api_handler\\deployment_resources.json': set(), 'C:\\Users\\racharla_sanjana\\Documents\\Aws\\AWS\\task01\\deployment_resources.json': {'simple-booking-userpool'}, 'C:\\Users\\racharla_sanjana\\Documents\\Aws\\AWS\\task01\\app\\lambdas\\hello_world\\deployment_resources.json': set(), 'C:\\Users\\racharla_sanjana\\Documents\\Aws\\AWS\\task02\\deployment_resources.json': set(), 'C:\\Users\\racharla_sanjana\\Documents\\Aws\\AWS\\task02\\app\\lambdas\\hello_world\\deployment_resources.json': set(), 'C:\\Users\\racharla_sanjana\\Documents\\Aws\\AWS\\task03\\deployment_resources.json': set(), 'C:\\Users\\racharla_sanjana\\Documents\\Aws\\AWS\\task03\\app\\lambdas\\hello_world\\deployment_resources.json': set(), 'C:\\Users\\racharla_sanjana\\Documents\\Aws\\AWS\\task04\\deployment_resources.json': set(), 'C:\\Users\\racharla_sanjana\\Documents\\Aws\\AWS\\task04\\app\\lambdas\\sns_handler\\deployment_resources.json': set(), 'C:\\Users\\racharla_sanjana\\Documents\\Aws\\AWS\\task04\\app\\lambdas\\sqs_handler\\deployment_resources.json': set(), 'C:\\Users\\racharla_sanjana\\Documents\\Aws\\AWS\\task05\\deployment_resources.json': set(), 'C:\\Users\\racharla_sanjana\\Documents\\Aws\\AWS\\task05\\app\\lambdas\\api_handler\\deployment_resources.json': set(), 'C:\\Users\\racharla_sanjana\\Documents\\Aws\\AWS\\task06\\deployment_resources.json': set(), 'C:\\Users\\racharla_sanjana\\Documents\\Aws\\AWS\\task06\\app\\lambdas\\audit_producer\\deployment_resources.json': set(), 'C:\\Users\\racharla_sanjana\\Documents\\Aws\\AWS\\task07\\deployment_resources.json': set(), 'C:\\Users\\racharla_sanjana\\Documents\\Aws\\AWS\\task08\\deployment_resources.json': set(), 'C:\\Users\\racharla_sanjana\\Documents\\Aws\\AWS\\task08\\app\\lambdas\\uuid_generator\\deployment_resources.json': set(), 'C:\\Users\\racharla_sanjana\\Documents\\Aws\\AWS\\task09\\deployment_resources.json': set(), 'C:\\Users\\racharla_sanjana\\Documents\\Aws\\AWS\\task09\\app\\lambdas\\api_handler\\deployment_resources.json': set(), 'C:\\Users\\racharla_sanjana\\Documents\\Aws\\AWS\\task10\\deployment_resources.json': set(), 'C:\\Users\\racharla_sanjana\\Documents\\Aws\\AWS\\task10\\app\\lambdas\\processor\\deployment_resources.json': set(), 'C:\\Users\\racharla_sanjana\\Documents\\Aws\\AWS\\task11\\deployment_resources.json': set()}' inside with type 'cognito_idp'
2025-03-20 14:42:39,003 [INFO] USER:racharla_sanjana base_generator.py:103:_get_resource_meta_paths LOG: Looking for cognito_idp 'simple-booking-userpool' in meta...
2025-03-20 14:42:39,003 [INFO] USER:racharla_sanjana base_generator.py:106:_get_resource_meta_paths LOG: Found 'simple-booking-userpool' in meta from 'C:\Users\racharla_sanjana\Documents\Aws\AWS\task01\deployment_resources.json'
2025-03-20 14:42:39,003 [INFO] USER:racharla_sanjana base_generator.py:108:_get_resource_meta_paths LOG: Found cognito_idp 'simple-booking-userpool' in these files: '['C:\\Users\\racharla_sanjana\\Documents\\Aws\\AWS\\task01\\deployment_resources.json']'
2025-03-20 14:42:39,003 [INFO] USER:racharla_sanjana api_gateway_generator.py:159:_validate_cup_existence LOG: Validation successfully finished, Cognito User Pool exists
2025-03-20 14:42:39,003 [INFO] USER:racharla_sanjana api_gateway_generator.py:144:_resolve_provider LOG: Identity provider resolved successfully
2025-03-20 14:42:39,004 [INFO] USER:racharla_sanjana api_gateway_generator.py:88:write LOG: Adding authorizer 'authorizer' to api 'task11_api'...
2025-03-20 14:42:39,005 [INFO] USER:racharla_sanjana api_gateway_generator.py:108:write LOG: Adding authorizer 'authorizer' to api 'task11_api'...
2025-03-20 14:42:39,006 [INFO] USER:racharla_sanjana base_generator.py:37:_resolve_configuration LOG: Resolving not required params...
2025-03-20 14:42:39,006 [INFO] USER:racharla_sanjana base_generator.py:57:_resolve_configuration LOG: Setting given value 'COGNITO_USER_POOLS' for param 'type'
2025-03-20 14:42:39,006 [INFO] USER:racharla_sanjana base_generator.py:53:_resolve_configuration LOG: Setting default value 'method.request.header.Authorization' for param 'identity_source'
2025-03-20 14:42:39,006 [INFO] USER:racharla_sanjana base_generator.py:53:_resolve_configuration LOG: Setting default value '300' for param 'ttl'
2025-03-20 14:42:39,006 [INFO] USER:racharla_sanjana base_generator.py:57:_resolve_configuration LOG: Setting given value '['simple-booking-userpool']' for param 'user_pools'
2025-03-20 14:42:39,007 [INFO] USER:racharla_sanjana meta.py:314:api_gateway_authorizer LOG: Authorizer 'authorizer' was added to API gateway 'task11_api' successfully
2025-03-20 14:42:39,007 [INFO] USER:racharla_sanjana helper.py:330:timed LOG: Stage api_gateway_authorizer, elapsed time: 0:00:00.031569
2025-03-20 14:45:13,089 [INFO] USER:racharla_sanjana handlers.py:106:syndicate LOG: Configuration used: C:\Users\racharla_sanjana\Documents\Aws\AWS\.syndicate-config-dev
2025-03-20 14:45:13,368 [INFO] USER:racharla_sanjana processor.py:143:_prepare_bucket_view LOG: Viewing complement, URIBucketView, has been found, setting up the raw data.
2025-03-20 14:45:15,144 [INFO] USER:racharla_sanjana project_state.py:122:get_remote LOG: Unsafely loaded project state file from S3 bucket. The retrieved object has type: dict
2025-03-20 14:45:15,144 [INFO] USER:racharla_sanjana project_state.py:127:get_remote LOG: Made ProjectState object from the dict loaded from S3 bucket
2025-03-20 14:45:16,178 [INFO] USER:racharla_sanjana sync_processor.py:53:sync_project_state LOG: Project state file has been successfully synced
2025-03-20 14:45:16,179 [INFO] USER:racharla_sanjana helper.py:647:resolve_project_path LOG: Parameter: 'project_path' wasn't specified. Getting automatically
2025-03-20 14:45:16,180 [INFO] USER:racharla_sanjana helper.py:651:resolve_project_path LOG: Path: 'C:/Users/racharla_sanjana/Documents/Aws/AWS' was assigned to the parameter: 'project_path'
2025-03-20 14:45:16,181 [INFO] USER:racharla_sanjana base_generator.py:67:_get_deployment_resources_files LOG: Recursively getting all the deployment_resources.json with root 'C:/Users/racharla_sanjana/Documents/Aws/AWS'
2025-03-20 14:45:16,190 [INFO] USER:racharla_sanjana base_generator.py:87:_find_resources_by_type LOG: Looking for resource 'api_gateway' in meta
2025-03-20 14:45:16,195 [INFO] USER:racharla_sanjana base_generator.py:93:_find_resources_by_type LOG: Found '{'C:\\Users\\racharla_sanjana\\Documents\\Aws\\AWS\\app\\lambdas\\api_handler\\deployment_resources.json': set(), 'C:\\Users\\racharla_sanjana\\Documents\\Aws\\AWS\\task01\\deployment_resources.json': {'task11_api'}, 'C:\\Users\\racharla_sanjana\\Documents\\Aws\\AWS\\task01\\app\\lambdas\\hello_world\\deployment_resources.json': set(), 'C:\\Users\\racharla_sanjana\\Documents\\Aws\\AWS\\task02\\deployment_resources.json': set(), 'C:\\Users\\racharla_sanjana\\Documents\\Aws\\AWS\\task02\\app\\lambdas\\hello_world\\deployment_resources.json': set(), 'C:\\Users\\racharla_sanjana\\Documents\\Aws\\AWS\\task03\\deployment_resources.json': {'task3_api'}, 'C:\\Users\\racharla_sanjana\\Documents\\Aws\\AWS\\task03\\app\\lambdas\\hello_world\\deployment_resources.json': set(), 'C:\\Users\\racharla_sanjana\\Documents\\Aws\\AWS\\task04\\deployment_resources.json': set(), 'C:\\Users\\racharla_sanjana\\Documents\\Aws\\AWS\\task04\\app\\lambdas\\sns_handler\\deployment_resources.json': set(), 'C:\\Users\\racharla_sanjana\\Documents\\Aws\\AWS\\task04\\app\\lambdas\\sqs_handler\\deployment_resources.json': set(), 'C:\\Users\\racharla_sanjana\\Documents\\Aws\\AWS\\task05\\deployment_resources.json': {'task5_api'}, 'C:\\Users\\racharla_sanjana\\Documents\\Aws\\AWS\\task05\\app\\lambdas\\api_handler\\deployment_resources.json': set(), 'C:\\Users\\racharla_sanjana\\Documents\\Aws\\AWS\\task06\\deployment_resources.json': set(), 'C:\\Users\\racharla_sanjana\\Documents\\Aws\\AWS\\task06\\app\\lambdas\\audit_producer\\deployment_resources.json': set(), 'C:\\Users\\racharla_sanjana\\Documents\\Aws\\AWS\\task07\\deployment_resources.json': set(), 'C:\\Users\\racharla_sanjana\\Documents\\Aws\\AWS\\task08\\deployment_resources.json': set(), 'C:\\Users\\racharla_sanjana\\Documents\\Aws\\AWS\\task08\\app\\lambdas\\uuid_generator\\deployment_resources.json': set(), 'C:\\Users\\racharla_sanjana\\Documents\\Aws\\AWS\\task09\\deployment_resources.json': set(), 'C:\\Users\\racharla_sanjana\\Documents\\Aws\\AWS\\task09\\app\\lambdas\\api_handler\\deployment_resources.json': set(), 'C:\\Users\\racharla_sanjana\\Documents\\Aws\\AWS\\task10\\deployment_resources.json': set(), 'C:\\Users\\racharla_sanjana\\Documents\\Aws\\AWS\\task10\\app\\lambdas\\processor\\deployment_resources.json': set(), 'C:\\Users\\racharla_sanjana\\Documents\\Aws\\AWS\\task11\\deployment_resources.json': set()}' inside with type 'api_gateway'
2025-03-20 14:45:16,195 [INFO] USER:racharla_sanjana base_generator.py:103:_get_resource_meta_paths LOG: Looking for api_gateway 'task11_api' in meta...
2025-03-20 14:45:16,195 [INFO] USER:racharla_sanjana base_generator.py:106:_get_resource_meta_paths LOG: Found 'task11_api' in meta from 'C:\Users\racharla_sanjana\Documents\Aws\AWS\task01\deployment_resources.json'
2025-03-20 14:45:16,195 [INFO] USER:racharla_sanjana base_generator.py:108:_get_resource_meta_paths LOG: Found api_gateway 'task11_api' in these files: '['C:\\Users\\racharla_sanjana\\Documents\\Aws\\AWS\\task01\\deployment_resources.json']'
2025-03-20 14:45:16,195 [INFO] USER:racharla_sanjana api_gateway_generator.py:133:_resolve_provider LOG: Resolving identity provider 'simple-booking-userpool'...
2025-03-20 14:45:16,195 [INFO] USER:racharla_sanjana api_gateway_generator.py:147:_validate_cup_existence LOG: Validating existence of Cognito User Pool: simple-booking-userpool
2025-03-20 14:45:16,195 [INFO] USER:racharla_sanjana base_generator.py:67:_get_deployment_resources_files LOG: Recursively getting all the deployment_resources.json with root 'C:/Users/racharla_sanjana/Documents/Aws/AWS'
2025-03-20 14:45:16,203 [INFO] USER:racharla_sanjana base_generator.py:87:_find_resources_by_type LOG: Looking for resource 'cognito_idp' in meta
2025-03-20 14:45:16,207 [INFO] USER:racharla_sanjana base_generator.py:93:_find_resources_by_type LOG: Found '{'C:\\Users\\racharla_sanjana\\Documents\\Aws\\AWS\\app\\lambdas\\api_handler\\deployment_resources.json': set(), 'C:\\Users\\racharla_sanjana\\Documents\\Aws\\AWS\\task01\\deployment_resources.json': {'simple-booking-userpool'}, 'C:\\Users\\racharla_sanjana\\Documents\\Aws\\AWS\\task01\\app\\lambdas\\hello_world\\deployment_resources.json': set(), 'C:\\Users\\racharla_sanjana\\Documents\\Aws\\AWS\\task02\\deployment_resources.json': set(), 'C:\\Users\\racharla_sanjana\\Documents\\Aws\\AWS\\task02\\app\\lambdas\\hello_world\\deployment_resources.json': set(), 'C:\\Users\\racharla_sanjana\\Documents\\Aws\\AWS\\task03\\deployment_resources.json': set(), 'C:\\Users\\racharla_sanjana\\Documents\\Aws\\AWS\\task03\\app\\lambdas\\hello_world\\deployment_resources.json': set(), 'C:\\Users\\racharla_sanjana\\Documents\\Aws\\AWS\\task04\\deployment_resources.json': set(), 'C:\\Users\\racharla_sanjana\\Documents\\Aws\\AWS\\task04\\app\\lambdas\\sns_handler\\deployment_resources.json': set(), 'C:\\Users\\racharla_sanjana\\Documents\\Aws\\AWS\\task04\\app\\lambdas\\sqs_handler\\deployment_resources.json': set(), 'C:\\Users\\racharla_sanjana\\Documents\\Aws\\AWS\\task05\\deployment_resources.json': set(), 'C:\\Users\\racharla_sanjana\\Documents\\Aws\\AWS\\task05\\app\\lambdas\\api_handler\\deployment_resources.json': set(), 'C:\\Users\\racharla_sanjana\\Documents\\Aws\\AWS\\task06\\deployment_resources.json': set(), 'C:\\Users\\racharla_sanjana\\Documents\\Aws\\AWS\\task06\\app\\lambdas\\audit_producer\\deployment_resources.json': set(), 'C:\\Users\\racharla_sanjana\\Documents\\Aws\\AWS\\task07\\deployment_resources.json': set(), 'C:\\Users\\racharla_sanjana\\Documents\\Aws\\AWS\\task08\\deployment_resources.json': set(), 'C:\\Users\\racharla_sanjana\\Documents\\Aws\\AWS\\task08\\app\\lambdas\\uuid_generator\\deployment_resources.json': set(), 'C:\\Users\\racharla_sanjana\\Documents\\Aws\\AWS\\task09\\deployment_resources.json': set(), 'C:\\Users\\racharla_sanjana\\Documents\\Aws\\AWS\\task09\\app\\lambdas\\api_handler\\deployment_resources.json': set(), 'C:\\Users\\racharla_sanjana\\Documents\\Aws\\AWS\\task10\\deployment_resources.json': set(), 'C:\\Users\\racharla_sanjana\\Documents\\Aws\\AWS\\task10\\app\\lambdas\\processor\\deployment_resources.json': set(), 'C:\\Users\\racharla_sanjana\\Documents\\Aws\\AWS\\task11\\deployment_resources.json': set()}' inside with type 'cognito_idp'
2025-03-20 14:45:16,207 [INFO] USER:racharla_sanjana base_generator.py:103:_get_resource_meta_paths LOG: Looking for cognito_idp 'simple-booking-userpool' in meta...
2025-03-20 14:45:16,208 [INFO] USER:racharla_sanjana base_generator.py:106:_get_resource_meta_paths LOG: Found 'simple-booking-userpool' in meta from 'C:\Users\racharla_sanjana\Documents\Aws\AWS\task01\deployment_resources.json'
2025-03-20 14:45:16,208 [INFO] USER:racharla_sanjana base_generator.py:108:_get_resource_meta_paths LOG: Found cognito_idp 'simple-booking-userpool' in these files: '['C:\\Users\\racharla_sanjana\\Documents\\Aws\\AWS\\task01\\deployment_resources.json']'
2025-03-20 14:45:16,208 [INFO] USER:racharla_sanjana api_gateway_generator.py:159:_validate_cup_existence LOG: Validation successfully finished, Cognito User Pool exists
2025-03-20 14:45:16,208 [INFO] USER:racharla_sanjana api_gateway_generator.py:144:_resolve_provider LOG: Identity provider resolved successfully
2025-03-20 14:45:16,208 [INFO] USER:racharla_sanjana api_gateway_generator.py:88:write LOG: Adding authorizer 'authorizer' to api 'task11_api'...
2025-03-20 14:45:16,209 [INFO] USER:racharla_sanjana api_gateway_generator.py:128:get_meta_with_authorizer LOG: Found authorizer 'authorizer' in api 'task11_api' in file 'C:\Users\racharla_sanjana\Documents\Aws\AWS\task01\deployment_resources.json'
2025-03-20 14:45:16,209 [WARNING] USER:racharla_sanjana api_gateway_generator.py:102:write LOG: Found duplicate while generating meta. Authorizer 'authorizer' was found in api gateway 'task11_api' in file 'C:\Users\racharla_sanjana\Documents\Aws\AWS\task01\deployment_resources.json'
2025-03-20 14:45:31,938 [WARNING] USER:racharla_sanjana api_gateway_generator.py:105:write LOG: Skipping authorizer 'authorizer'
2025-03-20 14:45:31,939 [ERROR] USER:racharla_sanjana decorators.py:136:wrapper LOG: 
2025-03-20 14:45:31,977 [ERROR] USER:racharla_sanjana decorators.py:137:wrapper LOG: Traceback (most recent call last):
  File "C:\Users\racharla_sanjana\Documents\Aws\AwsEnvironment\Lib\site-packages\syndicate\core\groups\meta.py", line 1106, in _generate
    generator.write()
    ~~~~~~~~~~~~~~~^^
  File "C:\Users\racharla_sanjana\Documents\Aws\AwsEnvironment\Lib\site-packages\syndicate\core\generators\deployment_resources\api_gateway_generator.py", line 107, in write
    raise RuntimeError
RuntimeError

During handling of the above exception, another exception occurred:

Traceback (most recent call last):
  File "C:\Users\racharla_sanjana\Documents\Aws\AwsEnvironment\Lib\site-packages\syndicate\core\decorators.py", line 134, in wrapper
    return_code = func(*args, **kwargs)
  File "C:\Users\racharla_sanjana\Documents\Aws\AwsEnvironment\Lib\site-packages\syndicate\core\helper.py", line 871, in wrapper
    return func(*args, **kwargs)
  File "C:\Users\racharla_sanjana\Documents\Aws\AwsEnvironment\Lib\site-packages\click\decorators.py", line 21, in new_func
    return f(get_current_context(), *args, **kwargs)
  File "C:\Users\racharla_sanjana\Documents\Aws\AwsEnvironment\Lib\site-packages\syndicate\core\helper.py", line 328, in timed
    result = func(*args, **kwargs)
  File "C:\Users\racharla_sanjana\Documents\Aws\AwsEnvironment\Lib\site-packages\syndicate\core\groups\meta.py", line 313, in api_gateway_authorizer
    _generate(generator)
    ~~~~~~~~~^^^^^^^^^^^
  File "C:\Users\racharla_sanjana\Documents\Aws\AwsEnvironment\Lib\site-packages\syndicate\core\groups\meta.py", line 1110, in _generate
    raise click.Abort(e)
click.exceptions.Abort
Traceback (most recent call last):
  File "C:\Users\racharla_sanjana\Documents\Aws\AwsEnvironment\Lib\site-packages\syndicate\core\groups\meta.py", line 1106, in _generate
    generator.write()
    ~~~~~~~~~~~~~~~^^
  File "C:\Users\racharla_sanjana\Documents\Aws\AwsEnvironment\Lib\site-packages\syndicate\core\generators\deployment_resources\api_gateway_generator.py", line 107, in write
    raise RuntimeError
RuntimeError

During handling of the above exception, another exception occurred:

Traceback (most recent call last):
  File "C:\Users\racharla_sanjana\Documents\Aws\AwsEnvironment\Lib\site-packages\syndicate\core\decorators.py", line 134, in wrapper
    return_code = func(*args, **kwargs)
  File "C:\Users\racharla_sanjana\Documents\Aws\AwsEnvironment\Lib\site-packages\syndicate\core\helper.py", line 871, in wrapper
    return func(*args, **kwargs)
  File "C:\Users\racharla_sanjana\Documents\Aws\AwsEnvironment\Lib\site-packages\click\decorators.py", line 21, in new_func
    return f(get_current_context(), *args, **kwargs)
  File "C:\Users\racharla_sanjana\Documents\Aws\AwsEnvironment\Lib\site-packages\syndicate\core\helper.py", line 328, in timed
    result = func(*args, **kwargs)
  File "C:\Users\racharla_sanjana\Documents\Aws\AwsEnvironment\Lib\site-packages\syndicate\core\groups\meta.py", line 313, in api_gateway_authorizer
    _generate(generator)
    ~~~~~~~~~^^^^^^^^^^^
  File "C:\Users\racharla_sanjana\Documents\Aws\AwsEnvironment\Lib\site-packages\syndicate\core\groups\meta.py", line 1110, in _generate
    raise click.Abort(e)
click.exceptions.Abort
2025-03-20 14:45:47,410 [INFO] USER:racharla_sanjana s3_resource.py:40:validate_bucket_name LOG: Starting validating bucket name 'syndicate-education-platform-custom-sandbox-artifacts-6675'
2025-03-20 14:45:47,411 [INFO] USER:racharla_sanjana s3_resource.py:73:validate_bucket_name LOG: Finished validating bucket name 'syndicate-education-platform-custom-sandbox-artifacts-6675'
2025-03-20 14:45:47,411 [INFO] USER:racharla_sanjana helper.py:525:convert LOG: Stripping run_id:JAP-11,run_type:stm,type:user,user_id:f452cf26 from "," a bit..
2025-03-20 14:45:47,411 [INFO] USER:racharla_sanjana helper.py:529:convert LOG: Converting: run_id:JAP-11,run_type:stm,type:user,user_id:f452cf26 to dict..
2025-03-20 14:45:47,411 [INFO] USER:racharla_sanjana helper.py:541:convert LOG: Converted to such a dict: {'run_id': 'JAP-11', 'run_type': 'stm', 'type': 'user', 'user_id': 'f452cf26'}
2025-03-20 14:45:49,766 [WARNING] USER:racharla_sanjana generator.py:76:generate_configuration_files LOG: The config_path property is not specified. The working directory is used
2025-03-20 14:45:49,767 [WARNING] USER:racharla_sanjana generator.py:93:generate_configuration_files LOG: The "project_path" property is not specified. The working directory will be used as a project path. To change the path, edit the syndicate.yml by path C:\Users\racharla_sanjana\Documents\Aws\AWS\task11\.syndicate-config-dev
2025-03-20 14:45:49,775 [INFO] USER:racharla_sanjana generator.py:155:generate_configuration_files LOG: Syndicate initialization has been completed. 
Set SDCT_CONF:
Unix: export SDCT_CONF="C:\Users\racharla_sanjana\Documents\Aws\AWS\task11\.syndicate-config-dev"
Windows: setx SDCT_CONF C:\Users\racharla_sanjana\Documents\Aws\AWS\task11\.syndicate-config-dev
2025-03-20 14:45:49,780 [INFO] USER:racharla_sanjana helper.py:330:timed LOG: Stage config, elapsed time: 0:00:02.368439
